<?xml version="1.0" encoding="UTF-8"?>
<testng-results ignored="0" total="1" passed="1" failed="0" skipped="0">
  <reporter-output>
  </reporter-output>
  <suite started-at="2024-09-06T00:15:19 IST" name="DemoTestSuite" finished-at="2024-09-06T00:15:25 IST" duration-ms="5232">
    <groups>
    </groups>
    <test started-at="2024-09-06T00:15:19 IST" name="DemoTest" finished-at="2024-09-06T00:15:25 IST" duration-ms="5232">
      <class name="com.talent.demoSeleniumProject.AppTest">
        <test-method signature="getChromeBrowser()[pri:0, instance:com.talent.demoSeleniumProject.AppTest@4f209819]" started-at="2024-09-06T00:15:19 IST" name="getChromeBrowser" finished-at="2024-09-06T00:15:25 IST" duration-ms="5201" status="PASS">
          <reporter-output>
          </reporter-output>
        </test-method> <!-- getChromeBrowser -->
      </class> <!-- com.talent.demoSeleniumProject.AppTest -->
    </test> <!-- DemoTest -->
  </suite> <!-- DemoTestSuite -->
</testng-results>
